<?xml version="1.0" encoding="UTF-8"?>
<!-- Generated by org.testng.reporters.JUnitReportReporter -->
<testsuite hostname="DESKTOP-QNLDC4R" name="com.crm.ContactTests.CreateContactWithNewOrgTest" tests="1" failures="0" timestamp="19 Feb 2022 06:03:12 GMT" time="31.754" errors="0">
  <testcase name="createContactWithOrgTest" time="31.754" classname="com.crm.ContactTests.CreateContactWithNewOrgTest"/>
</testsuite> <!-- com.crm.ContactTests.CreateContactWithNewOrgTest -->
