<?xml version="1.0" encoding="UTF-8"?>
<!-- Generated by org.testng.reporters.JUnitReportReporter -->
<testsuite hostname="DESKTOP-QNLDC4R" name="com.crm.PRACTICE.BaseClassPractice" tests="2" failures="0" timestamp="1 Mar 2022 09:23:06 GMT" time="0.016" errors="0">
  <testcase name="actualTest" time="0.016" classname="com.crm.PRACTICE.BaseClassPractice"/>
  <testcase name="actualTest1" time="0.000" classname="com.crm.PRACTICE.BaseClassPractice"/>
</testsuite> <!-- com.crm.PRACTICE.BaseClassPractice -->
