<?xml version="1.0" encoding="UTF-8"?>
<!-- Generated by org.testng.reporters.JUnitReportReporter -->
<testsuite hostname="DESKTOP-QNLDC4R" failures="0" tests="1" name="com.crm.genericImplemented.createContactPOMTest" time="18.313" errors="0" timestamp="2022-03-03T12:09:58 IST" skipped="0">
  <testcase classname="com.crm.genericImplemented.createContactPOMTest" name="createContactTest" time="18.313"/>
  <system-out/>
</testsuite> <!-- com.crm.genericImplemented.createContactPOMTest -->
