<?xml version="1.0" encoding="UTF-8"?>
<!-- Generated by org.testng.reporters.JUnitReportReporter -->
<testsuite hostname="DESKTOP-QNLDC4R" failures="0" tests="1" name="com.crm.PRACTICE.ReadDatafromSuiteXmlFileTest" time="0.008" errors="0" timestamp="2022-03-09T07:12:38 IST" skipped="0">
  <testcase classname="com.crm.PRACTICE.ReadDatafromSuiteXmlFileTest" name="readDataFromSuiteXmlFileTest" time="0.008"/>
  <system-out/>
</testsuite> <!-- com.crm.PRACTICE.ReadDatafromSuiteXmlFileTest -->
