<?xml version="1.0" encoding="UTF-8"?>
<!-- Generated by org.testng.reporters.JUnitReportReporter -->
<testsuite hostname="DESKTOP-QNLDC4R" name="com.crm.PRACTICE.PracticeForGenericUtils" tests="1" failures="0" timestamp="21 Feb 2022 11:16:15 GMT" time="0.423" errors="0">
  <testcase name="practice" time="0.423" classname="com.crm.PRACTICE.PracticeForGenericUtils"/>
</testsuite> <!-- com.crm.PRACTICE.PracticeForGenericUtils -->
