<?xml version="1.0" encoding="UTF-8"?>
<!-- Generated by org.testng.reporters.JUnitReportReporter -->
<testsuite hostname="DESKTOP-QNLDC4R" name="com.crm.genericImplemented.CreateOrgWIthIndTye_POMtest$CreateOrgWithIndustryType" tests="1" failures="0" timestamp="1 Mar 2022 09:48:45 GMT" time="12.522" errors="0">
  <testcase name="createOrgWithIndustryType" time="12.522" classname="com.crm.genericImplemented.CreateOrgWIthIndTye_POMtest$CreateOrgWithIndustryType"/>
</testsuite> <!-- com.crm.genericImplemented.CreateOrgWIthIndTye_POMtest$CreateOrgWithIndustryType -->
