<?xml version="1.0" encoding="UTF-8"?>
<!-- Generated by org.testng.reporters.JUnitReportReporter -->
<testsuite hostname="DESKTOP-QNLDC4R" name="com.crm.PRACTICE.DataVerificationInDB" tests="1" failures="0" timestamp="21 Feb 2022 01:10:28 GMT" time="0.280" errors="0">
  <testcase name="dataVerificationindb" time="0.280" classname="com.crm.PRACTICE.DataVerificationInDB"/>
</testsuite> <!-- com.crm.PRACTICE.DataVerificationInDB -->
