<?xml version="1.0" encoding="UTF-8"?>
<!-- Generated by org.testng.reporters.JUnitReportReporter -->
<testsuite hostname="DESKTOP-QNLDC4R" name="com.crm.PRACTICE.DataProviderWithExcel" tests="8" failures="0" timestamp="1 Mar 2022 07:07:24 GMT" time="0.014" errors="0">
  <testcase name="data" time="0.000" classname="com.crm.PRACTICE.DataProviderWithExcel"/>
  <testcase name="data" time="0.000" classname="com.crm.PRACTICE.DataProviderWithExcel"/>
  <testcase name="data" time="0.000" classname="com.crm.PRACTICE.DataProviderWithExcel"/>
  <testcase name="data" time="0.013" classname="com.crm.PRACTICE.DataProviderWithExcel"/>
  <testcase name="data" time="0.001" classname="com.crm.PRACTICE.DataProviderWithExcel"/>
  <testcase name="data" time="0.000" classname="com.crm.PRACTICE.DataProviderWithExcel"/>
  <testcase name="data" time="0.000" classname="com.crm.PRACTICE.DataProviderWithExcel"/>
  <testcase name="data" time="0.000" classname="com.crm.PRACTICE.DataProviderWithExcel"/>
</testsuite> <!-- com.crm.PRACTICE.DataProviderWithExcel -->
