<?xml version="1.0" encoding="UTF-8"?>
<!-- Generated by org.testng.reporters.JUnitReportReporter -->
<testsuite hostname="DESKTOP-QNLDC4R" name="com.crm.PRACTICE.ReadDataFromExcelSheetTest" tests="1" failures="0" timestamp="21 Feb 2022 01:17:07 GMT" time="0.592" errors="0">
  <testcase name="readDataFromExcelSheetTest" time="0.592" classname="com.crm.PRACTICE.ReadDataFromExcelSheetTest"/>
</testsuite> <!-- com.crm.PRACTICE.ReadDataFromExcelSheetTest -->
