<?xml version="1.0" encoding="UTF-8"?>
<!-- Generated by org.testng.reporters.JUnitReportReporter -->
<testsuite hostname="DESKTOP-QNLDC4R" name="com.crm.campaignTests.CreateCampaignTest" tests="1" failures="0" timestamp="22 Feb 2022 23:03:22 GMT" time="14.126" errors="0">
  <testcase name="createCampaignTest" time="14.126" classname="com.crm.campaignTests.CreateCampaignTest"/>
</testsuite> <!-- com.crm.campaignTests.CreateCampaignTest -->
