<?xml version="1.0" encoding="UTF-8"?>
<!-- Generated by org.testng.reporters.JUnitReportReporter -->
<testsuite hostname="DESKTOP-QNLDC4R" failures="0" tests="1" name="com.crm.PRACTICE.CalendarPopupTest" time="194.168" errors="0" timestamp="2022-03-09T14:55:57 IST" skipped="0">
  <testcase classname="com.crm.PRACTICE.CalendarPopupTest" name="calendarPopUp" time="194.168"/>
  <system-out/>
</testsuite> <!-- com.crm.PRACTICE.CalendarPopupTest -->
