<?xml version="1.0" encoding="UTF-8"?>
<!-- Generated by org.testng.reporters.JUnitReportReporter -->
<testsuite hostname="DESKTOP-QNLDC4R" name="com.crm.ContactTests.CreateContactTest" tests="1" failures="0" timestamp="21 Feb 2022 05:42:06 GMT" time="10.294" errors="0">
  <testcase name="createContactTest" time="10.294" classname="com.crm.ContactTests.CreateContactTest"/>
</testsuite> <!-- com.crm.ContactTests.CreateContactTest -->
