<?xml version="1.0" encoding="UTF-8"?>
<!-- Generated by org.testng.reporters.JUnitReportReporter -->
<testsuite hostname="DESKTOP-QNLDC4R" name="com.crm.ContactTests.CreateContactWithOrgTest" tests="1" failures="0" timestamp="17 Feb 2022 23:25:44 GMT" time="25.401" errors="0">
  <testcase name="createContactWithOrgTest" time="25.401" classname="com.crm.ContactTests.CreateContactWithOrgTest"/>
</testsuite> <!-- com.crm.ContactTests.CreateContactWithOrgTest -->
