<?xml version="1.0" encoding="UTF-8"?>
<!-- Generated by org.testng.reporters.JUnitReportReporter -->
<testsuite hostname="DESKTOP-QNLDC4R" name="com.crm.genericImplemented.TC_27Test" tests="1" failures="0" timestamp="22 Feb 2022 20:31:11 GMT" time="23.662" errors="0">
  <testcase name="checkboxestheMandatoryFielsTC_27Test" time="23.662" classname="com.crm.genericImplemented.TC_27Test"/>
</testsuite> <!-- com.crm.genericImplemented.TC_27Test -->
