<?xml version="1.0" encoding="UTF-8"?>
<!-- Generated by org.testng.reporters.JUnitReportReporter -->
<testsuite hostname="DESKTOP-QNLDC4R" name="com.crm.genericImplemented.CreateCampaihnWithProductPOMTest" tests="1" failures="0" timestamp="24 Feb 2022 11:34:22 GMT" time="16.170" errors="0">
  <testcase name="createCampaignWithProduct" time="16.170" classname="com.crm.genericImplemented.CreateCampaihnWithProductPOMTest"/>
</testsuite> <!-- com.crm.genericImplemented.CreateCampaihnWithProductPOMTest -->
