<?xml version="1.0" encoding="UTF-8"?>
<!-- Generated by org.testng.reporters.JUnitReportReporter -->
<testsuite hostname="DESKTOP-QNLDC4R" name="com.crm.PRACTICE.WriteDataIntoExcelSheetTest" tests="1" failures="0" timestamp="21 Feb 2022 01:23:13 GMT" time="0.641" errors="0">
  <testcase name="writeDataIntoExcelSheetTest" time="0.641" classname="com.crm.PRACTICE.WriteDataIntoExcelSheetTest"/>
</testsuite> <!-- com.crm.PRACTICE.WriteDataIntoExcelSheetTest -->
