<?xml version="1.0" encoding="UTF-8"?>
<!-- Generated by org.testng.reporters.JUnitReportReporter -->
<testsuite hostname="DESKTOP-QNLDC4R" failures="0" tests="1" name="com.crm.genericImplemented.CreateContactWithOrgBaseClassTest" time="25.496" errors="0" timestamp="2022-03-04T16:52:25 IST" skipped="0">
  <testcase classname="com.crm.genericImplemented.CreateContactWithOrgBaseClassTest" name="createContactWithOrgPOMTest" time="25.496"/>
  <system-out>
    <![CDATA[[ ACC126 ] Healthcare_419 - Organization Informationorg created
[ CON108 ] HDFC_445 - Contact Informationcontact is verified created]]>
  </system-out>
</testsuite> <!-- com.crm.genericImplemented.CreateContactWithOrgBaseClassTest -->
