<?xml version="1.0" encoding="UTF-8"?>
<!-- Generated by org.testng.reporters.JUnitReportReporter -->
<testsuite hostname="DESKTOP-QNLDC4R" failures="0" tests="1" name="com.crm.PRACTICE.WebTableCheckboxandDeleteTest" time="10.544" errors="0" timestamp="2022-03-09T10:22:11 IST" skipped="0">
  <testcase classname="com.crm.PRACTICE.WebTableCheckboxandDeleteTest" name="CheckboxAndDeleteTest" time="10.544"/>
  <system-out/>
</testsuite> <!-- com.crm.PRACTICE.WebTableCheckboxandDeleteTest -->
