<?xml version="1.0" encoding="UTF-8"?>
<!-- Generated by org.testng.reporters.JUnitReportReporter -->
<testsuite hostname="DESKTOP-QNLDC4R" name="com.crm.PRACTICE.DataProviderPractice" tests="4" failures="0" timestamp="28 Feb 2022 09:50:12 GMT" time="0.016" errors="0">
  <testcase name="sampleDataProvider" time="0.000" classname="com.crm.PRACTICE.DataProviderPractice"/>
  <testcase name="sampleDataProvider" time="0.000" classname="com.crm.PRACTICE.DataProviderPractice"/>
  <testcase name="sampleDataProvider" time="0.016" classname="com.crm.PRACTICE.DataProviderPractice"/>
  <testcase name="sampleDataProvider" time="0.000" classname="com.crm.PRACTICE.DataProviderPractice"/>
</testsuite> <!-- com.crm.PRACTICE.DataProviderPractice -->
