<?xml version="1.0" encoding="UTF-8"?>
<!-- Generated by org.testng.reporters.JUnitReportReporter -->
<testsuite hostname="DESKTOP-QNLDC4R" name="com.crm.LeadsTests.BySelectingAllTheChekboxsAndChangeTheOportunityName_TC_29Test" tests="1" failures="0" timestamp="21 Feb 2022 05:36:37 GMT" time="15.424" errors="0">
  <testcase name="checkboxsandfillMandatoryFeildsChangeopurnameTC_29Test" time="15.424" classname="com.crm.LeadsTests.BySelectingAllTheChekboxsAndChangeTheOportunityName_TC_29Test"/>
</testsuite> <!-- com.crm.LeadsTests.BySelectingAllTheChekboxsAndChangeTheOportunityName_TC_29Test -->
