<?xml version="1.0" encoding="UTF-8"?>
<!-- Generated by org.testng.reporters.JUnitReportReporter -->
<testsuite hostname="DESKTOP-QNLDC4R" name="com.crm.PRACTICE.SampleJDBCExecuteUpdate" tests="1" failures="0" timestamp="21 Feb 2022 01:43:54 GMT" time="0.263" errors="0">
  <testcase name="sampleJDBCExecuteUpdate" time="0.263" classname="com.crm.PRACTICE.SampleJDBCExecuteUpdate"/>
</testsuite> <!-- com.crm.PRACTICE.SampleJDBCExecuteUpdate -->
