<?xml version="1.0" encoding="UTF-8"?>
<!-- Generated by org.testng.reporters.JUnitReportReporter -->
<testsuite hostname="DESKTOP-QNLDC4R" name="com.crm.genericImplemented.TC_28Test" tests="1" failures="0" timestamp="22 Feb 2022 20:41:04 GMT" time="23.668" errors="0">
  <testcase name="checkboxestheMandatoryFielsTC_28Test" time="23.668" classname="com.crm.genericImplemented.TC_28Test"/>
</testsuite> <!-- com.crm.genericImplemented.TC_28Test -->
