<?xml version="1.0" encoding="UTF-8"?>
<!-- Generated by org.testng.reporters.JUnitReportReporter -->
<testsuite hostname="DESKTOP-QNLDC4R" name="com.crm.ContactTests.CreateContactWithMandatoryFeildsWIthMultipleTestDataTest" tests="9" failures="0" timestamp="1 Mar 2022 01:24:52 GMT" time="155.230" errors="0">
  <testcase name="createContactWithMltipleData" time="16.975" classname="com.crm.ContactTests.CreateContactWithMandatoryFeildsWIthMultipleTestDataTest"/>
  <testcase name="createContactWithMltipleData" time="17.369" classname="com.crm.ContactTests.CreateContactWithMandatoryFeildsWIthMultipleTestDataTest"/>
  <testcase name="createContactWithMltipleData" time="17.418" classname="com.crm.ContactTests.CreateContactWithMandatoryFeildsWIthMultipleTestDataTest"/>
  <testcase name="createContactWithMltipleData" time="17.939" classname="com.crm.ContactTests.CreateContactWithMandatoryFeildsWIthMultipleTestDataTest"/>
  <testcase name="createContactWithMltipleData" time="16.856" classname="com.crm.ContactTests.CreateContactWithMandatoryFeildsWIthMultipleTestDataTest"/>
  <testcase name="createContactWithMltipleData" time="17.155" classname="com.crm.ContactTests.CreateContactWithMandatoryFeildsWIthMultipleTestDataTest"/>
  <testcase name="createContactWithMltipleData" time="16.692" classname="com.crm.ContactTests.CreateContactWithMandatoryFeildsWIthMultipleTestDataTest"/>
  <testcase name="createContactWithMltipleData" time="17.214" classname="com.crm.ContactTests.CreateContactWithMandatoryFeildsWIthMultipleTestDataTest"/>
  <testcase name="createContactWithMltipleData" time="17.612" classname="com.crm.ContactTests.CreateContactWithMandatoryFeildsWIthMultipleTestDataTest"/>
</testsuite> <!-- com.crm.ContactTests.CreateContactWithMandatoryFeildsWIthMultipleTestDataTest -->
