<?xml version="1.0" encoding="UTF-8"?>
<!-- Generated by org.testng.reporters.JUnitReportReporter -->
<testsuite hostname="DESKTOP-QNLDC4R" name="com.crm.genericImplemented.createContact2Test" tests="1" failures="0" timestamp="22 Feb 2022 20:04:01 GMT" time="17.471" errors="0">
  <testcase name="createContactTest" time="17.471" classname="com.crm.genericImplemented.createContact2Test"/>
</testsuite> <!-- com.crm.genericImplemented.createContact2Test -->
