<?xml version="1.0" encoding="UTF-8"?>
<!-- Generated by org.testng.reporters.JUnitReportReporter -->
<testsuite hostname="DESKTOP-QNLDC4R" name="com.crm.genericImplemented.TC_30Test" tests="1" failures="0" timestamp="22 Feb 2022 20:59:05 GMT" time="27.864" errors="0">
  <testcase name="SelectingAllTheChekboxsAndGiveValidDataToExpectedCloseDateTC_30Test" time="27.864" classname="com.crm.genericImplemented.TC_30Test"/>
</testsuite> <!-- com.crm.genericImplemented.TC_30Test -->
