<?xml version="1.0" encoding="UTF-8"?>
<!-- Generated by org.testng.reporters.JUnitReportReporter -->
<testsuite hostname="DESKTOP-QNLDC4R" name="com.crm.genericImplemented.TC_26Test" tests="1" failures="0" timestamp="22 Feb 2022 20:23:46 GMT" time="27.795" errors="0">
  <testcase name="checkboxsandfillAlltheMandatoryFiels2TC_26Test" time="27.795" classname="com.crm.genericImplemented.TC_26Test"/>
</testsuite> <!-- com.crm.genericImplemented.TC_26Test -->
