<?xml version="1.0" encoding="UTF-8"?>
<!-- Generated by org.testng.reporters.JUnitReportReporter -->
<testsuite hostname="DESKTOP-QNLDC4R" name="com.crm.PRACTICE.POMPracticeForLogin" tests="1" failures="0" timestamp="23 Feb 2022 10:42:38 GMT" time="8.401" errors="0">
  <testcase name="pomPractice" time="8.401" classname="com.crm.PRACTICE.POMPracticeForLogin"/>
</testsuite> <!-- com.crm.PRACTICE.POMPracticeForLogin -->
