<?xml version="1.0" encoding="UTF-8"?>
<!-- Generated by org.testng.reporters.JUnitReportReporter -->
<testsuite hostname="DESKTOP-QNLDC4R" name="com.crm.genericImplemented.CreateContactWithOrg2Test" tests="1" failures="0" timestamp="22 Feb 2022 19:56:16 GMT" time="31.860" errors="0">
  <testcase name="createContactWithOrgTest" time="31.860" classname="com.crm.genericImplemented.CreateContactWithOrg2Test"/>
</testsuite> <!-- com.crm.genericImplemented.CreateContactWithOrg2Test -->
