<?xml version="1.0" encoding="UTF-8"?>
<!-- Generated by org.testng.reporters.JUnitReportReporter -->
<testsuite hostname="DESKTOP-QNLDC4R" failures="0" tests="1" name="com.crm.PRACTICE.WebTableClickOnLastCheckboxTest" time="56.100" errors="0" timestamp="2022-03-09T10:17:39 IST" skipped="0">
  <testcase classname="com.crm.PRACTICE.WebTableClickOnLastCheckboxTest" name="checkallCheckBoxes" time="56.100"/>
  <system-out/>
</testsuite> <!-- com.crm.PRACTICE.WebTableClickOnLastCheckboxTest -->
