<?xml version="1.0" encoding="UTF-8"?>
<!-- Generated by org.testng.reporters.JUnitReportReporter -->
<testsuite hostname="DESKTOP-QNLDC4R" name="com.crm.LeadsTests.OrganisationAndOportunityTheChekboxsAndMandatoryFields_TC_28Test" tests="1" failures="0" timestamp="18 Feb 2022 14:59:37 GMT" time="23.497" errors="0">
  <testcase name="checkboxestheMandatoryFielsTC_28Test" time="23.497" classname="com.crm.LeadsTests.OrganisationAndOportunityTheChekboxsAndMandatoryFields_TC_28Test"/>
</testsuite> <!-- com.crm.LeadsTests.OrganisationAndOportunityTheChekboxsAndMandatoryFields_TC_28Test -->
