<?xml version="1.0" encoding="UTF-8"?>
<!-- Generated by org.testng.reporters.JUnitReportReporter -->
<testsuite hostname="DESKTOP-QNLDC4R" name="com.crm.genericImplemented.CreateCampaignWitProduct2Test" tests="1" failures="0" timestamp="22 Feb 2022 20:08:42 GMT" time="29.051" errors="0">
  <testcase name="createCampaignWithProduct" time="29.051" classname="com.crm.genericImplemented.CreateCampaignWitProduct2Test"/>
</testsuite> <!-- com.crm.genericImplemented.CreateCampaignWitProduct2Test -->
