<?xml version="1.0" encoding="UTF-8"?>
<!-- Generated by org.testng.reporters.JUnitReportReporter -->
<testsuite hostname="DESKTOP-QNLDC4R" name="com.crm.OraganisationTests.CreateOrganizationWithPropertyFileTest" tests="1" failures="0" timestamp="17 Feb 2022 00:53:25 GMT" time="13.288" errors="0">
  <testcase name="createOrgTest" time="13.288" classname="com.crm.OraganisationTests.CreateOrganizationWithPropertyFileTest"/>
</testsuite> <!-- com.crm.OraganisationTests.CreateOrganizationWithPropertyFileTest -->
