<?xml version="1.0" encoding="UTF-8"?>
<!-- Generated by org.testng.reporters.JUnitReportReporter -->
<testsuite hostname="DESKTOP-QNLDC4R" name="com.crm.PRACTICE.SampleJDBCExecuteQuery" tests="1" failures="0" timestamp="21 Feb 2022 01:41:30 GMT" time="0.308" errors="0">
  <testcase name="sampleJDBCExecuteQuery" time="0.308" classname="com.crm.PRACTICE.SampleJDBCExecuteQuery"/>
</testsuite> <!-- com.crm.PRACTICE.SampleJDBCExecuteQuery -->
