<?xml version="1.0" encoding="UTF-8"?>
<!-- Generated by org.testng.reporters.JUnitReportReporter -->
<testsuite hostname="DESKTOP-QNLDC4R" name="com.crm.LeadsTests.OportunityAndContactTheChekboxsAndFilllAllTheMandatoryFieldsTC_27Test" tests="1" failures="0" timestamp="22 Feb 2022 20:32:23 GMT" time="23.001" errors="0">
  <testcase name="checkboxestheMandatoryFielsTC_27Test" time="23.001" classname="com.crm.LeadsTests.OportunityAndContactTheChekboxsAndFilllAllTheMandatoryFieldsTC_27Test"/>
</testsuite> <!-- com.crm.LeadsTests.OportunityAndContactTheChekboxsAndFilllAllTheMandatoryFieldsTC_27Test -->
