<?xml version="1.0" encoding="UTF-8"?>
<!-- Generated by org.testng.reporters.JUnitReportReporter -->
<testsuite hostname="DESKTOP-QNLDC4R" failures="0" tests="1" name="com.crm.genericImplemented.CreateOrgWithIndTypeBaseClassTest" time="7.820" errors="0" timestamp="2022-03-17T11:35:57 IST" skipped="0">
  <testcase classname="com.crm.genericImplemented.CreateOrgWithIndTypeBaseClassTest" name="createOrgWithIndustryType" time="7.820"/>
  <system-out/>
</testsuite> <!-- com.crm.genericImplemented.CreateOrgWithIndTypeBaseClassTest -->
