<?xml version="1.0" encoding="UTF-8"?>
<!-- Generated by org.testng.reporters.JUnitReportReporter -->
<testsuite hostname="DESKTOP-QNLDC4R" failures="0" tests="1" name="com.crm.PRACTICE.CalendarGoIBiBoTest" time="169.123" errors="0" timestamp="2022-03-09T15:23:48 IST" skipped="0">
  <testcase classname="com.crm.PRACTICE.CalendarGoIBiBoTest" name="calendarPopUp" time="169.123"/>
  <system-out/>
</testsuite> <!-- com.crm.PRACTICE.CalendarGoIBiBoTest -->
