<?xml version="1.0" encoding="UTF-8"?>
<!-- Generated by org.testng.reporters.JUnitReportReporter -->
<testsuite hostname="DESKTOP-QNLDC4R" failures="0" tests="1" name="com.crm.genericImplemented.createOrgPOMTest" time="12.140" errors="0" timestamp="2022-03-03T12:12:22 IST" skipped="0">
  <testcase classname="com.crm.genericImplemented.createOrgPOMTest" name="createOrgTest" time="12.140"/>
  <system-out/>
</testsuite> <!-- com.crm.genericImplemented.createOrgPOMTest -->
