<?xml version="1.0" encoding="UTF-8"?>
<!-- Generated by org.testng.reporters.JUnitReportReporter -->
<testsuite hostname="DESKTOP-QNLDC4R" failures="0" tests="1" name="com.crm.PRACTICE.WebTableCheckallCheckboxesTest" time="45.996" errors="0" timestamp="2022-03-08T15:08:11 IST" skipped="0">
  <testcase classname="com.crm.PRACTICE.WebTableCheckallCheckboxesTest" name="checkallCheckBoxes" time="45.996"/>
  <system-out/>
</testsuite> <!-- com.crm.PRACTICE.WebTableCheckallCheckboxesTest -->
