<?xml version="1.0" encoding="UTF-8"?>
<!-- Generated by org.testng.reporters.JUnitReportReporter -->
<testsuite hostname="DESKTOP-QNLDC4R" failures="0" tests="1" name="com.crm.genericImplemented.CreateOrgWithIndTypeBaseClassTest" time="15.101" errors="0" timestamp="2022-03-17T10:50:13 IST" skipped="0">
  <testcase classname="com.crm.genericImplemented.CreateOrgWithIndTypeBaseClassTest" name="createOrgWithIndustryType" time="15.101"/>
  <system-out/>
</testsuite> <!-- com.crm.genericImplemented.CreateOrgWithIndTypeBaseClassTest -->
