<?xml version="1.0" encoding="UTF-8"?>
<!-- Generated by org.testng.reporters.JUnitReportReporter -->
<testsuite hostname="DESKTOP-QNLDC4R" name="com.crm.genericImplemented.CreateOppurtunitywithContactsandEmployeeTest" tests="1" failures="0" timestamp="23 Feb 2022 11:15:19 GMT" time="27.985" errors="0">
  <testcase name="createOppurtunitywithContactsandEmployeeTest" time="27.985" classname="com.crm.genericImplemented.CreateOppurtunitywithContactsandEmployeeTest"/>
</testsuite> <!-- com.crm.genericImplemented.CreateOppurtunitywithContactsandEmployeeTest -->
