<?xml version="1.0" encoding="UTF-8"?>
<!-- Generated by org.testng.reporters.JUnitReportReporter -->
<testsuite hostname="DESKTOP-QNLDC4R" name="com.crm.genericImplemented.CreateContactWithIndTypeBaseClassTest" tests="1" failures="0" timestamp="1 Mar 2022 09:52:13 GMT" time="7.968" errors="0">
  <testcase name="createOrgWithIndustryType" time="7.968" classname="com.crm.genericImplemented.CreateContactWithIndTypeBaseClassTest"/>
</testsuite> <!-- com.crm.genericImplemented.CreateContactWithIndTypeBaseClassTest -->
