<?xml version="1.0" encoding="UTF-8"?>
<!-- Generated by org.testng.reporters.JUnitReportReporter -->
<testsuite hostname="DESKTOP-QNLDC4R" name="com.crm.PRACTICE.PropertyFilePractice" tests="1" failures="0" timestamp="21 Feb 2022 01:08:40 GMT" time="0.013" errors="0">
  <testcase name="propertyFile" time="0.013" classname="com.crm.PRACTICE.PropertyFilePractice"/>
</testsuite> <!-- com.crm.PRACTICE.PropertyFilePractice -->
