<?xml version="1.0" encoding="UTF-8"?>
<!-- Generated by org.testng.reporters.JUnitReportReporter -->
<testsuite hostname="DESKTOP-QNLDC4R" name="com.crm.OraganisationTests.CreateOrganizationTest" tests="1" failures="0" timestamp="21 Feb 2022 05:05:09 GMT" time="8.091" errors="0">
  <testcase name="createOrganizationTest" time="8.091" classname="com.crm.OraganisationTests.CreateOrganizationTest"/>
</testsuite> <!-- com.crm.OraganisationTests.CreateOrganizationTest -->
