<?xml version="1.0" encoding="UTF-8"?>
<!-- Generated by org.testng.reporters.JUnitReportReporter -->
<testsuite hostname="DESKTOP-QNLDC4R" name="com.crm.LeadsTests.CheckboxsAndFeelAllTheMandatoryFieldsTC_26Test" tests="1" failures="0" timestamp="21 Feb 2022 08:01:35 GMT" time="15.413" errors="0">
  <testcase name="checkboxsandfillAlltheMandatoryFielsTC_26Test" time="15.413" classname="com.crm.LeadsTests.CheckboxsAndFeelAllTheMandatoryFieldsTC_26Test"/>
</testsuite> <!-- com.crm.LeadsTests.CheckboxsAndFeelAllTheMandatoryFieldsTC_26Test -->
