<?xml version="1.0" encoding="UTF-8"?>
<!-- Generated by org.testng.reporters.JUnitReportReporter -->
<testsuite hostname="DESKTOP-QNLDC4R" name="com.crm.LeadsTests.Testdatetest" tests="1" failures="0" timestamp="19 Feb 2022 06:11:26 GMT" time="25.768" errors="0">
  <testcase name="dateTest" time="25.768" classname="com.crm.LeadsTests.Testdatetest"/>
</testsuite> <!-- com.crm.LeadsTests.Testdatetest -->
