<?xml version="1.0" encoding="UTF-8"?>
<!-- Generated by org.testng.reporters.JUnitReportReporter -->
<testsuite hostname="DESKTOP-QNLDC4R" name="com.crm.genericImplemented.TC_29Test" tests="1" failures="0" timestamp="22 Feb 2022 20:48:45 GMT" time="28.552" errors="0">
  <testcase name="checkboxsandfillMandatoryFeildsChangeopurnameTC_29Test" time="28.552" classname="com.crm.genericImplemented.TC_29Test"/>
</testsuite> <!-- com.crm.genericImplemented.TC_29Test -->
