<?xml version="1.0" encoding="UTF-8"?>
<!-- Generated by org.testng.reporters.JUnitReportReporter -->
<testsuite hostname="DESKTOP-QNLDC4R" name="com.crm.PRACTICE.DataProviderPractice2" tests="6" failures="0" timestamp="28 Feb 2022 10:01:05 GMT" time="0.015" errors="0">
  <testcase name="sampleDataProvider" time="0.000" classname="com.crm.PRACTICE.DataProviderPractice2"/>
  <testcase name="sampleDataProvider" time="0.015" classname="com.crm.PRACTICE.DataProviderPractice2"/>
  <testcase name="sampleDataProvider" time="0.000" classname="com.crm.PRACTICE.DataProviderPractice2"/>
  <testcase name="sampleDataProvider" time="0.000" classname="com.crm.PRACTICE.DataProviderPractice2"/>
  <testcase name="sampleDataProvider" time="0.000" classname="com.crm.PRACTICE.DataProviderPractice2"/>
  <testcase name="sampleDataProvider" time="0.000" classname="com.crm.PRACTICE.DataProviderPractice2"/>
</testsuite> <!-- com.crm.PRACTICE.DataProviderPractice2 -->
