<?xml version="1.0" encoding="UTF-8"?>
<!-- Generated by org.testng.reporters.JUnitReportReporter -->
<testsuite hostname="DESKTOP-QNLDC4R" failures="0" tests="1" name="com.crm.PRACTICE.ReadDataFromCmdLineTest" time="0.009" errors="0" timestamp="2022-03-09T05:39:05 IST" skipped="0">
  <testcase classname="com.crm.PRACTICE.ReadDataFromCmdLineTest" name="readDataFromCmdLine" time="0.009"/>
  <system-out/>
</testsuite> <!-- com.crm.PRACTICE.ReadDataFromCmdLineTest -->
