<?xml version="1.0" encoding="UTF-8"?>
<!-- Generated by org.testng.reporters.JUnitReportReporter -->
<testsuite hostname="DESKTOP-QNLDC4R" failures="0" tests="1" name="com.crm.genericImplemented.CreateOrgWitIndustryAndTypePOM$CreateOrgWithIndustryType" time="9.988" errors="0" timestamp="2022-03-03T12:12:22 IST" skipped="0">
  <testcase classname="com.crm.genericImplemented.CreateOrgWitIndustryAndTypePOM$CreateOrgWithIndustryType" name="createOrgWithIndustryType" time="9.988"/>
  <system-out/>
</testsuite> <!-- com.crm.genericImplemented.CreateOrgWitIndustryAndTypePOM$CreateOrgWithIndustryType -->
