<?xml version="1.0" encoding="UTF-8"?>
<!-- Generated by org.testng.reporters.JUnitReportReporter -->
<testsuite hostname="DESKTOP-QNLDC4R" name="com.crm.PRACTICE.PracticeTestNG" tests="3" failures="0" timestamp="28 Feb 2022 07:31:06 GMT" time="0.000" errors="0">
  <testcase name="createOrg" time="0.000" classname="com.crm.PRACTICE.PracticeTestNG"/>
  <testcase name="modifyOrg" time="0.000" classname="com.crm.PRACTICE.PracticeTestNG"/>
  <testcase name="deleteOrg" time="0.000" classname="com.crm.PRACTICE.PracticeTestNG"/>
</testsuite> <!-- com.crm.PRACTICE.PracticeTestNG -->
