<?xml version="1.0" encoding="UTF-8"?>
<!-- Generated by org.testng.reporters.JUnitReportReporter -->
<testsuite hostname="DESKTOP-QNLDC4R" name="com.crm.genericImplemented.CreateContactWithLeadSourcePOMTest" tests="1" failures="0" timestamp="28 Feb 2022 08:22:11 GMT" time="11.740" errors="0">
  <testcase name="createContactTest" time="11.740" classname="com.crm.genericImplemented.CreateContactWithLeadSourcePOMTest"/>
</testsuite> <!-- com.crm.genericImplemented.CreateContactWithLeadSourcePOMTest -->
