<?xml version="1.0" encoding="UTF-8"?>
<!-- Generated by org.testng.reporters.JUnitReportReporter -->
<testsuite hostname="DESKTOP-QNLDC4R" name="com.crm.LeadsTests.SelectingAllTheChekboxsAndGiveValidDataToExpectedCloseDateTC_30Test" tests="1" failures="0" timestamp="21 Feb 2022 04:47:10 GMT" time="16.594" errors="0">
  <testcase name="checkboxsandGiveValidDatetoExpectedClosedateTC_30Test" time="16.594" classname="com.crm.LeadsTests.SelectingAllTheChekboxsAndGiveValidDataToExpectedCloseDateTC_30Test"/>
</testsuite> <!-- com.crm.LeadsTests.SelectingAllTheChekboxsAndGiveValidDataToExpectedCloseDateTC_30Test -->
