<?xml version="1.0" encoding="UTF-8"?>
<!-- Generated by org.testng.reporters.JUnitReportReporter -->
<testsuite skipped="0" hostname="DESKTOP-QNLDC4R" name="com.crm.PRACTICE.ReadDataFromCmdLineTest" tests="1" failures="0" timestamp="2022-02-17T13:06:33 IST" time="0.005" errors="0">
  <testcase name="readDataFromCmdLine" time="0.005" classname="com.crm.PRACTICE.ReadDataFromCmdLineTest"/>
  <system-out/>
</testsuite> <!-- com.crm.PRACTICE.ReadDataFromCmdLineTest -->
